<?xml version="1.0" encoding="UTF-8"?>
<!-- Generated by org.testng.reporters.JUnitReportReporter -->
<testsuite hostname="DESKTOP-QGI7A6A" name="testcase.FlipkartHomePageTest" tests="1" failures="0" timestamp="15 Dec 2019 15:40:04 GMT" time="21.628" errors="0">
  <testcase name="flipkartHomePageTest" time="21.628" classname="testcase.FlipkartHomePageTest"/>
</testsuite> <!-- testcase.FlipkartHomePageTest -->
