<?xml version="1.0" encoding="UTF-8"?>
<!-- Generated by org.testng.reporters.JUnitReportReporter -->
<testsuite hostname="DESKTOP-QGI7A6A" name="Academy.LandingPageTest" tests="1" failures="0" timestamp="1 Dec 2019 07:29:09 GMT" time="50.047" errors="0">
  <testcase name="basePageNavigation" time="50.047" classname="Academy.LandingPageTest"/>
</testsuite> <!-- Academy.LandingPageTest -->
