<?xml version="1.0" encoding="UTF-8"?>
<!-- Generated by org.testng.reporters.JUnitReportReporter -->
<testsuite hostname="DESKTOP-QGI7A6A" name="testcase.FlipkartHomePage" tests="1" failures="0" timestamp="12 Dec 2019 12:16:34 GMT" time="155.720" errors="0">
  <testcase name="visitFlipkartHomePage_Test" time="155.720" classname="testcase.FlipkartHomePage"/>
</testsuite> <!-- testcase.FlipkartHomePage -->
