<?xml version="1.0" encoding="UTF-8"?>
<!-- Generated by org.testng.reporters.JUnitReportReporter -->
<testsuite skipped="0" hostname="DESKTOP-QGI7A6A" name="testngtutorials.Day1" tests="2" failures="0" timestamp="25 Nov 2019 08:34:23 GMT" time="0.024" errors="0">
  <testcase name="personalLoanTest1" time="0.020" classname="testngtutorials.Day1"/>
  <testcase name="personalLoanTest2" time="0.004" classname="testngtutorials.Day1"/>
</testsuite> <!-- testngtutorials.Day1 -->
