<?xml version="1.0" encoding="UTF-8"?>
<!-- Generated by org.testng.reporters.JUnitReportReporter -->
<testsuite skipped="0" hostname="DESKTOP-QGI7A6A" name="testngtutorials.Day4" tests="1" failures="0" timestamp="25 Nov 2019 08:34:23 GMT" time="0.005" errors="0">
  <testcase name="personalLoanTest4" time="0.005" classname="testngtutorials.Day4"/>
</testsuite> <!-- testngtutorials.Day4 -->
