<?xml version="1.0" encoding="UTF-8"?>
<!-- Generated by org.testng.reporters.JUnitReportReporter -->
<testsuite skipped="0" hostname="DESKTOP-QGI7A6A" name="testngtutorials.Day2" tests="1" failures="0" timestamp="25 Nov 2019 08:34:23 GMT" time="0.002" errors="0">
  <testcase name="PersonalLoanTestcase3" time="0.002" classname="testngtutorials.Day2"/>
</testsuite> <!-- testngtutorials.Day2 -->
