<?xml version="1.0" encoding="UTF-8"?>
<!-- Generated by org.testng.reporters.JUnitReportReporter -->
<testsuite skipped="0" hostname="DESKTOP-QGI7A6A" name="testngtutorials.TestNGDataProviderExample" tests="3" failures="0" timestamp="27 Nov 2019 07:31:38 GMT" time="472.887" errors="0">
  <testcase name="dataProviderTestcae" time="45.171" classname="testngtutorials.TestNGDataProviderExample"/>
  <testcase name="dataProviderTestcae" time="275.252" classname="testngtutorials.TestNGDataProviderExample"/>
  <testcase name="dataProviderTestcae" time="152.464" classname="testngtutorials.TestNGDataProviderExample"/>
</testsuite> <!-- testngtutorials.TestNGDataProviderExample -->
