<?xml version="1.0" encoding="UTF-8"?>
<!-- Generated by org.testng.reporters.JUnitReportReporter -->
<testsuite skipped="0" hostname="DESKTOP-QGI7A6A" name="testcases.LoginTest" tests="1" failures="0" timestamp="30 Nov 2019 13:54:23 GMT" time="91.173" errors="0">
  <testcase name="loginIntoApplication" time="91.173" classname="testcases.LoginTest"/>
</testsuite> <!-- testcases.LoginTest -->
